-------------------------------------------------------------
STREAM version $Revision: 5.10 $
-------------------------------------------------------------
This system uses 8 bytes per array element.
-------------------------------------------------------------
Array size = 128000000 (elements), Offset = 0 (elements)
Memory per array = 976.6 MiB (= 1.0 GiB).
Total memory required = 2929.7 MiB (= 2.9 GiB).
Each kernel will be executed 20 times.
 The *best* time for each kernel (excluding the first iteration)
 will be used to compute the reported bandwidth.
-------------------------------------------------------------
Your clock granularity/precision appears to be 1 microseconds.
Each test below will take on the order of 116701 microseconds.
   (= 116701 clock ticks)
Increase the size of the arrays if this shows that
you are not getting at least 20 clock ticks per test.
-------------------------------------------------------------
WARNING -- The above is only a rough guideline.
For best results, please be sure you know the
precision of your system timer.
-------------------------------------------------------------
Function    Best Rate MB/s  Avg time     Min time     Max time
Copy:           19199.6     0.106715     0.106669     0.106878
Scale:          11241.7     0.182244     0.182179     0.182407
Add:            12298.3     0.249892     0.249790     0.250047
Triad:          12302.5     0.249815     0.249705     0.249990
-------------------------------------------------------------
Solution Validates: avg error less than 1.000000e-13 on all three arrays
-------------------------------------------------------------
