Currently Loaded Modulefiles:
 1) gcc-runtime/8.5.0-gcc-8.5.0-7fyorqa          
 2) gmp/6.2.1-gcc-8.5.0-lrpcvy5                  
 3) mpfr/4.2.1-gcc-8.5.0-ybeybcx                 
 4) mpc/1.3.1-gcc-8.5.0-cv2gjfw                  
 5) zlib-ng/2.1.6-gcc-8.5.0-ztbc5xt              
 6) zstd/1.5.5-gcc-8.5.0-azepnn7                 
 7) gcc/13.2.0-gcc-8.5.0-5hqhkwo                 
 8) libpciaccess/0.17-gcc-8.5.0-ng764nd          
 9) libiconv/1.17-gcc-8.5.0-rznbc3y              
10) xz/5.4.6-gcc-8.5.0-lmjjipf                   
11) libxml2/2.10.3-gcc-8.5.0-7kur2mf             
12) ncurses/6.4-gcc-8.5.0-njp6ntc                
13) hwloc/2.9.1-gcc-8.5.0-adhoagt                
14) intel-tbb/2021.9.0-gcc-8.5.0-momvuhw         
15) intel-oneapi-mkl/2024.0.0-gcc-8.5.0-3sxfbl3  
==== benchmark-naive ======================
# Description:	Naive, three-loop dgemm.

Size:       31	Gflop/s:     0.49	Percentage:    1.33
Size:       32	Gflop/s:     1.07	Percentage:    2.92
Size:       96	Gflop/s:     0.45	Percentage:    1.23
Size:       97	Gflop/s:     0.47	Percentage:    1.27
Size:      127	Gflop/s:     0.52	Percentage:    1.43
Size:      128	Gflop/s:     0.54	Percentage:    1.46
Size:      129	Gflop/s:     0.55	Percentage:    1.49
Size:      191	Gflop/s:     0.89	Percentage:    2.42
Size:      192	Gflop/s:     0.23	Percentage:    0.62
Size:      229	Gflop/s:     0.38	Percentage:    1.04
Size:      255	Gflop/s:     0.53	Percentage:    1.44
Size:      256	Gflop/s:     0.27	Percentage:    0.73
Size:      257	Gflop/s:     0.54	Percentage:    1.48
Size:      319	Gflop/s:     0.52	Percentage:    1.41
Size:      320	Gflop/s:     0.26	Percentage:    0.71
Size:      321	Gflop/s:     0.53	Percentage:    1.44
Size:      417	Gflop/s:     0.29	Percentage:    0.79
Size:      479	Gflop/s:     0.44	Percentage:    1.20
Size:      480	Gflop/s:     0.88	Percentage:    2.40
Size:      511	Gflop/s:     0.53	Percentage:    1.45
Size:      512	Gflop/s:     0.27	Percentage:    0.73
Size:      639	Gflop/s:     1.04	Percentage:    2.84
Size:      640	Gflop/s:     0.52	Percentage:    1.43
Size:      767	Gflop/s:     0.90	Percentage:    2.45
Size:      768	Gflop/s:     0.91	Percentage:    2.46
Size:      769	Gflop/s:     0.91	Percentage:    2.47
Size:      800	Gflop/s:     1.02	Percentage:    2.78
Size:      900	Gflop/s:     1.46	Percentage:    3.96
Size:     1000	Gflop/s:     1.00	Percentage:    2.72
Size:     1100	Gflop/s:     0.89	Percentage:    2.41
Size:     1200	Gflop/s:     1.15	Percentage:    3.13
# Average percentage of peak performance = 1.79498

==== benchmark-blas =======================
# Description:	Reference dgemm.

Size:       31	Gflop/s:    15.63	Percentage:   42.46
Size:       32	Gflop/s:    17.19	Percentage:   46.70
Size:       96	Gflop/s:    14.50	Percentage:   39.41
Size:       97	Gflop/s:    14.96	Percentage:   40.66
Size:      127	Gflop/s:    16.79	Percentage:   45.62
Size:      128	Gflop/s:     8.60	Percentage:   23.36
Size:      129	Gflop/s:    17.59	Percentage:   47.81
Size:      191	Gflop/s:    14.28	Percentage:   38.80
Size:      192	Gflop/s:    29.00	Percentage:   78.79
Size:      229	Gflop/s:     6.15	Percentage:   16.72
Size:      255	Gflop/s:    16.99	Percentage:   46.16
Size:      256	Gflop/s:    17.19	Percentage:   46.71
Size:      257	Gflop/s:    17.39	Percentage:   47.26
Size:      319	Gflop/s:    16.63	Percentage:   45.19
Size:      320	Gflop/s:    16.79	Percentage:   45.61
Size:      321	Gflop/s:    16.94	Percentage:   46.04
Size:      417	Gflop/s:    18.57	Percentage:   50.47
Size:      479	Gflop/s:    14.08	Percentage:   38.25
Size:      480	Gflop/s:    28.32	Percentage:   76.95
Size:      511	Gflop/s:     4.27	Percentage:   11.61
Size:      512	Gflop/s:    17.19	Percentage:   46.71
Size:      639	Gflop/s:    16.71	Percentage:   45.40
Size:      640	Gflop/s:    16.79	Percentage:   45.62
Size:      767	Gflop/s:    14.45	Percentage:   39.26
Size:      768	Gflop/s:    29.00	Percentage:   78.80
Size:      769	Gflop/s:    14.56	Percentage:   39.57
Size:      800	Gflop/s:    16.39	Percentage:   44.55
Size:      900	Gflop/s:    11.67	Percentage:   31.72
Size:     1000	Gflop/s:    16.01	Percentage:   43.50
Size:     1100	Gflop/s:    10.66	Percentage:   28.96
Size:     1200	Gflop/s:    27.66	Percentage:   75.15
# Average percentage of peak performance = 44.9615

==== benchmark-blocked ====================
# Description:	Blocked dgemm.

Size:       31	Gflop/s:     0.24	Percentage:    0.66
Size:       32	Gflop/s:     1.07	Percentage:    2.92
Size:       96	Gflop/s:     0.11	Percentage:    0.31
Size:       97	Gflop/s:     0.93	Percentage:    2.54
Size:      127	Gflop/s:     0.52	Percentage:    1.43
Size:      128	Gflop/s:     0.54	Percentage:    1.46
Size:      129	Gflop/s:     0.55	Percentage:    1.49
Size:      191	Gflop/s:     0.89	Percentage:    2.42
Size:      192	Gflop/s:     0.45	Percentage:    1.23
Size:      229	Gflop/s:     0.77	Percentage:    2.09
Size:      255	Gflop/s:     0.53	Percentage:    1.44
Size:      256	Gflop/s:     1.07	Percentage:    2.92
Size:      257	Gflop/s:     0.14	Percentage:    0.37
Size:      319	Gflop/s:     1.04	Percentage:    2.82
Size:      320	Gflop/s:     0.13	Percentage:    0.36
Size:      321	Gflop/s:     1.06	Percentage:    2.88
Size:      417	Gflop/s:     0.58	Percentage:    1.58
Size:      479	Gflop/s:     0.44	Percentage:    1.20
Size:      480	Gflop/s:     0.44	Percentage:    1.20
Size:      511	Gflop/s:     1.07	Percentage:    2.90
Size:      512	Gflop/s:     0.27	Percentage:    0.73
Size:      639	Gflop/s:     0.52	Percentage:    1.42
Size:      640	Gflop/s:     1.05	Percentage:    2.85
Size:      767	Gflop/s:     0.90	Percentage:    2.45
Size:      768	Gflop/s:     0.91	Percentage:    2.46
Size:      769	Gflop/s:     1.82	Percentage:    4.94
Size:      800	Gflop/s:     1.02	Percentage:    2.78
Size:      900	Gflop/s:     1.46	Percentage:    3.96
Size:     1000	Gflop/s:     2.00	Percentage:    5.43
Size:     1100	Gflop/s:     2.66	Percentage:    7.23
Size:     1200	Gflop/s:     1.15	Percentage:    3.13
# Average percentage of peak performance = 2.30997

==== plot results =========================
